E: nodered: unstripped-binary-or-object usr/lib/node_modules/node-red-node-serialport/node_modules/@serialport/bindings/build/Release/bindings.node
E: nodered: unstripped-binary-or-object usr/lib/node_modules/node-red-node-serialport/node_modules/@serialport/bindings/build/Release/obj.target/bindings.node
E: nodered: unstripped-binary-or-object usr/lib/node_modules/node-red/node_modules/bcrypt/build/Release/bcrypt_lib.node
E: nodered: unstripped-binary-or-object usr/lib/node_modules/node-red/node_modules/bcrypt/build/Release/obj.target/bcrypt_lib.node
E: nodered: unstripped-binary-or-object usr/lib/node_modules/node-red/node_modules/bcrypt/lib/binding/bcrypt_lib.node
E: nodered: missing-dependency-on-libc needed by usr/lib/node_modules/node-red-node-serialport/node_modules/@serialport/bindings/build/Release/bindings.node and 4 others
E: nodered: debian-changelog-file-missing-or-wrong-name
W: nodered: extended-description-line-too-long
E: nodered: debian-revision-should-not-be-zero 0.20.7-0
W: nodered: extra-license-file usr/lib/node_modules/node-red-contrib-ibm-watson-iot/LICENSE
W: nodered: extra-license-file usr/lib/node_modules/node-red-contrib-ibm-watson-iot/node_modules/async-limiter/LICENSE
W: nodered: extra-license-file usr/lib/node_modules/node-red-contrib-ibm-watson-iot/node_modules/asynckit/LICENSE
W: nodered: embedded-javascript-library usr/lib/node_modules/node-red-contrib-ibm-watson-iot/node_modules/asynckit/lib/async.js please use libjs-async
W: nodered: extra-license-file usr/lib/node_modules/node-red-contrib-ibm-watson-iot/node_modules/axios/LICENSE
W: nodered: extra-license-file usr/lib/node_modules/node-red-contrib-ibm-watson-iot/node_modules/balanced-match/LICENSE.md
W: nodered: extra-license-file usr/lib/node_modules/node-red-contrib-ibm-watson-iot/node_modules/bl/LICENSE.md
W: nodered: extra-license-file usr/lib/node_modules/node-red-contrib-ibm-watson-iot/node_modules/bluebird/LICENSE
W: nodered: embedded-javascript-library usr/lib/node_modules/node-red-contrib-ibm-watson-iot/node_modules/bluebird/js/main/async.js please use libjs-async
W: nodered: extra-license-file usr/lib/node_modules/node-red-contrib-ibm-watson-iot/node_modules/brace-expansion/LICENSE
W: nodered: extra-license-file usr/lib/node_modules/node-red-contrib-ibm-watson-iot/node_modules/btoa/LICENSE
W: nodered: extra-license-file usr/lib/node_modules/node-red-contrib-ibm-watson-iot/node_modules/btoa/LICENSE.DOCS
W: nodered: extra-license-file usr/lib/node_modules/node-red-contrib-ibm-watson-iot/node_modules/buffer-from/LICENSE
W: nodered: extra-license-file usr/lib/node_modules/node-red-contrib-ibm-watson-iot/node_modules/combined-stream/License
W: nodered: extra-license-file usr/lib/node_modules/node-red-contrib-ibm-watson-iot/node_modules/commist/LICENSE
W: nodered: extra-license-file usr/lib/node_modules/node-red-contrib-ibm-watson-iot/node_modules/concat-map/LICENSE
W: nodered: extra-license-file usr/lib/node_modules/node-red-contrib-ibm-watson-iot/node_modules/concat-stream/LICENSE
W: nodered: extra-license-file usr/lib/node_modules/node-red-contrib-ibm-watson-iot/node_modules/core-util-is/LICENSE
W: nodered: extra-license-file usr/lib/node_modules/node-red-contrib-ibm-watson-iot/node_modules/d/LICENSE
W: nodered: extra-license-file usr/lib/node_modules/node-red-contrib-ibm-watson-iot/node_modules/delayed-stream/License
W: nodered: extra-license-file usr/lib/node_modules/node-red-contrib-ibm-watson-iot/node_modules/duplexify/LICENSE
W: nodered: extra-license-file usr/lib/node_modules/node-red-contrib-ibm-watson-iot/node_modules/end-of-stream/LICENSE
W: nodered: extra-license-file usr/lib/node_modules/node-red-contrib-ibm-watson-iot/node_modules/es5-ext/LICENSE
W: nodered: extra-license-file usr/lib/node_modules/node-red-contrib-ibm-watson-iot/node_modules/es6-iterator/LICENSE
W: nodered: extra-license-file usr/lib/node_modules/node-red-contrib-ibm-watson-iot/node_modules/es6-map/LICENSE
W: nodered: extra-license-file usr/lib/node_modules/node-red-contrib-ibm-watson-iot/node_modules/es6-promise/LICENSE
W: nodered: extra-license-file usr/lib/node_modules/node-red-contrib-ibm-watson-iot/node_modules/es6-set/LICENSE
W: nodered: extra-license-file usr/lib/node_modules/node-red-contrib-ibm-watson-iot/node_modules/es6-symbol/LICENSE
W: nodered: extra-license-file usr/lib/node_modules/node-red-contrib-ibm-watson-iot/node_modules/event-emitter/LICENSE
W: nodered: extra-license-file usr/lib/node_modules/node-red-contrib-ibm-watson-iot/node_modules/events/LICENSE
W: nodered: extra-license-file usr/lib/node_modules/node-red-contrib-ibm-watson-iot/node_modules/extend/LICENSE
W: nodered: extra-license-file usr/lib/node_modules/node-red-contrib-ibm-watson-iot/node_modules/form-data/License
W: nodered: extra-license-file usr/lib/node_modules/node-red-contrib-ibm-watson-iot/node_modules/fs.realpath/LICENSE
W: nodered: extra-license-file usr/lib/node_modules/node-red-contrib-ibm-watson-iot/node_modules/glob-parent/LICENSE
W: nodered: extra-license-file usr/lib/node_modules/node-red-contrib-ibm-watson-iot/node_modules/glob-stream/LICENSE
W: nodered: extra-license-file usr/lib/node_modules/node-red-contrib-ibm-watson-iot/node_modules/glob/LICENSE
W: nodered: extra-license-file usr/lib/node_modules/node-red-contrib-ibm-watson-iot/node_modules/help-me/LICENSE
W: nodered: extra-license-file usr/lib/node_modules/node-red-contrib-ibm-watson-iot/node_modules/ibmiotf/LICENSE
W: nodered: extra-license-file usr/lib/node_modules/node-red-contrib-ibm-watson-iot/node_modules/inflight/LICENSE
W: nodered: extra-license-file usr/lib/node_modules/node-red-contrib-ibm-watson-iot/node_modules/inherits/LICENSE
W: nodered: extra-license-file usr/lib/node_modules/node-red-contrib-ibm-watson-iot/node_modules/is-absolute/LICENSE
W: nodered: extra-license-file usr/lib/node_modules/node-red-contrib-ibm-watson-iot/node_modules/is-extglob/LICENSE
W: nodered: extra-license-file usr/lib/node_modules/node-red-contrib-ibm-watson-iot/node_modules/is-glob/LICENSE
W: nodered: extra-license-file usr/lib/node_modules/node-red-contrib-ibm-watson-iot/node_modules/is-negated-glob/LICENSE
W: nodered: extra-license-file usr/lib/node_modules/node-red-contrib-ibm-watson-iot/node_modules/is-relative/LICENSE
W: nodered: extra-license-file usr/lib/node_modules/node-red-contrib-ibm-watson-iot/node_modules/is-unc-path/LICENSE
W: nodered: extra-license-file usr/lib/node_modules/node-red-contrib-ibm-watson-iot/node_modules/is-windows/LICENSE
W: nodered: extra-license-file usr/lib/node_modules/node-red-contrib-ibm-watson-iot/node_modules/json-stable-stringify-without-jsonify/LICENSE
W: nodered: extra-license-file usr/lib/node_modules/node-red-contrib-ibm-watson-iot/node_modules/leven/license
W: nodered: extra-license-file usr/lib/node_modules/node-red-contrib-ibm-watson-iot/node_modules/mime-db/LICENSE
W: nodered: extra-license-file usr/lib/node_modules/node-red-contrib-ibm-watson-iot/node_modules/mime-types/LICENSE
W: nodered: extra-license-file usr/lib/node_modules/node-red-contrib-ibm-watson-iot/node_modules/minimatch/LICENSE
W: nodered: extra-license-file usr/lib/node_modules/node-red-contrib-ibm-watson-iot/node_modules/minimist/LICENSE
W: nodered: extra-license-file usr/lib/node_modules/node-red-contrib-ibm-watson-iot/node_modules/mqtt-packet/LICENSE.md
W: nodered: extra-license-file usr/lib/node_modules/node-red-contrib-ibm-watson-iot/node_modules/mqtt/LICENSE.md
W: nodered: extra-license-file usr/lib/node_modules/node-red-contrib-ibm-watson-iot/node_modules/next-tick/LICENSE
W: nodered: extra-license-file usr/lib/node_modules/node-red-contrib-ibm-watson-iot/node_modules/once/LICENSE
W: nodered: extra-license-file usr/lib/node_modules/node-red-contrib-ibm-watson-iot/node_modules/ordered-read-streams/LICENSE
W: nodered: extra-license-file usr/lib/node_modules/node-red-contrib-ibm-watson-iot/node_modules/path-dirname/license
W: nodered: extra-license-file usr/lib/node_modules/node-red-contrib-ibm-watson-iot/node_modules/path-is-absolute/license
W: nodered: extra-license-file usr/lib/node_modules/node-red-contrib-ibm-watson-iot/node_modules/process-nextick-args/license.md
W: nodered: extra-license-file usr/lib/node_modules/node-red-contrib-ibm-watson-iot/node_modules/pump/LICENSE
W: nodered: extra-license-file usr/lib/node_modules/node-red-contrib-ibm-watson-iot/node_modules/pumpify/LICENSE
W: nodered: extra-license-file usr/lib/node_modules/node-red-contrib-ibm-watson-iot/node_modules/pumpify/node_modules/pump/LICENSE
W: nodered: extra-license-file usr/lib/node_modules/node-red-contrib-ibm-watson-iot/node_modules/readable-stream/LICENSE
W: nodered: extra-license-file usr/lib/node_modules/node-red-contrib-ibm-watson-iot/node_modules/reinterval/LICENSE
W: nodered: extra-license-file usr/lib/node_modules/node-red-contrib-ibm-watson-iot/node_modules/remove-trailing-separator/license
W: nodered: extra-license-file usr/lib/node_modules/node-red-contrib-ibm-watson-iot/node_modules/safe-buffer/LICENSE
W: nodered: extra-license-file usr/lib/node_modules/node-red-contrib-ibm-watson-iot/node_modules/split2/LICENSE
W: nodered: extra-license-file usr/lib/node_modules/node-red-contrib-ibm-watson-iot/node_modules/stream-shift/LICENSE
W: nodered: extra-license-file usr/lib/node_modules/node-red-contrib-ibm-watson-iot/node_modules/string_decoder/LICENSE
W: nodered: extra-license-file usr/lib/node_modules/node-red-contrib-ibm-watson-iot/node_modules/through2-filter/LICENSE
W: nodered: extra-license-file usr/lib/node_modules/node-red-contrib-ibm-watson-iot/node_modules/through2/LICENSE.md
W: nodered: extra-license-file usr/lib/node_modules/node-red-contrib-ibm-watson-iot/node_modules/to-absolute-glob/LICENSE
W: nodered: extra-license-file usr/lib/node_modules/node-red-contrib-ibm-watson-iot/node_modules/typedarray/LICENSE
W: nodered: extra-license-file usr/lib/node_modules/node-red-contrib-ibm-watson-iot/node_modules/ultron/LICENSE
W: nodered: extra-license-file usr/lib/node_modules/node-red-contrib-ibm-watson-iot/node_modules/unc-path-regex/LICENSE
W: nodered: extra-license-file usr/lib/node_modules/node-red-contrib-ibm-watson-iot/node_modules/unique-stream/LICENSE
W: nodered: extra-license-file usr/lib/node_modules/node-red-contrib-ibm-watson-iot/node_modules/util-deprecate/LICENSE
W: nodered: extra-license-file usr/lib/node_modules/node-red-contrib-ibm-watson-iot/node_modules/websocket-stream/LICENSE
W: nodered: extra-license-file usr/lib/node_modules/node-red-contrib-ibm-watson-iot/node_modules/wrappy/LICENSE
W: nodered: extra-license-file usr/lib/node_modules/node-red-contrib-ibm-watson-iot/node_modules/ws/LICENSE
W: nodered: extra-license-file usr/lib/node_modules/node-red-contrib-ibm-watson-iot/node_modules/xtend/LICENSE
W: nodered: extra-license-file usr/lib/node_modules/node-red-contrib-play-audio/LICENSE
W: nodered: extra-license-file usr/lib/node_modules/node-red-node-pi-sense-hat/LICENSE
W: nodered: extra-license-file usr/lib/node_modules/node-red-node-ping/LICENSE
W: nodered: extra-license-file usr/lib/node_modules/node-red-node-random/LICENSE
W: nodered: extra-license-file usr/lib/node_modules/node-red-node-serialport/LICENSE
W: nodered: extra-license-file usr/lib/node_modules/node-red-node-serialport/node_modules/@serialport/binding-abstract/LICENSE
W: nodered: extra-license-file usr/lib/node_modules/node-red-node-serialport/node_modules/@serialport/binding-mock/LICENSE
W: nodered: extra-license-file usr/lib/node_modules/node-red-node-serialport/node_modules/@serialport/bindings/LICENSE
W: nodered: extra-license-file usr/lib/node_modules/node-red-node-serialport/node_modules/@serialport/parser-byte-length/LICENSE
W: nodered: extra-license-file usr/lib/node_modules/node-red-node-serialport/node_modules/@serialport/parser-cctalk/LICENSE
W: nodered: extra-license-file usr/lib/node_modules/node-red-node-serialport/node_modules/@serialport/parser-delimiter/LICENSE
W: nodered: extra-license-file usr/lib/node_modules/node-red-node-serialport/node_modules/@serialport/parser-readline/LICENSE
W: nodered: extra-license-file usr/lib/node_modules/node-red-node-serialport/node_modules/@serialport/parser-ready/LICENSE
W: nodered: extra-license-file usr/lib/node_modules/node-red-node-serialport/node_modules/@serialport/parser-regex/LICENSE
W: nodered: extra-license-file usr/lib/node_modules/node-red-node-serialport/node_modules/@serialport/stream/LICENSE
W: nodered: extra-license-file usr/lib/node_modules/node-red-node-serialport/node_modules/ansi-regex/license
W: nodered: extra-license-file usr/lib/node_modules/node-red-node-serialport/node_modules/aproba/LICENSE
W: nodered: extra-license-file usr/lib/node_modules/node-red-node-serialport/node_modules/are-we-there-yet/LICENSE
W: nodered: extra-license-file usr/lib/node_modules/node-red-node-serialport/node_modules/bindings/LICENSE.md
W: nodered: extra-license-file usr/lib/node_modules/node-red-node-serialport/node_modules/bl/LICENSE.md
W: nodered: extra-license-file usr/lib/node_modules/node-red-node-serialport/node_modules/chownr/LICENSE
W: nodered: extra-license-file usr/lib/node_modules/node-red-node-serialport/node_modules/code-point-at/license
W: nodered: extra-license-file usr/lib/node_modules/node-red-node-serialport/node_modules/console-control-strings/LICENSE
W: nodered: extra-license-file usr/lib/node_modules/node-red-node-serialport/node_modules/core-util-is/LICENSE
W: nodered: extra-license-file usr/lib/node_modules/node-red-node-serialport/node_modules/debug/LICENSE
W: nodered: extra-license-file usr/lib/node_modules/node-red-node-serialport/node_modules/decompress-response/license
W: nodered: extra-license-file usr/lib/node_modules/node-red-node-serialport/node_modules/deep-extend/LICENSE
W: nodered: extra-license-file usr/lib/node_modules/node-red-node-serialport/node_modules/delegates/License
W: nodered: extra-license-file usr/lib/node_modules/node-red-node-serialport/node_modules/detect-libc/LICENSE
W: nodered: extra-license-file usr/lib/node_modules/node-red-node-serialport/node_modules/end-of-stream/LICENSE
W: nodered: extra-license-file usr/lib/node_modules/node-red-node-serialport/node_modules/expand-template/LICENSE
W: nodered: extra-license-file usr/lib/node_modules/node-red-node-serialport/node_modules/file-uri-to-path/LICENSE
W: nodered: extra-license-file usr/lib/node_modules/node-red-node-serialport/node_modules/fs-constants/LICENSE
W: nodered: extra-license-file usr/lib/node_modules/node-red-node-serialport/node_modules/gauge/LICENSE
W: nodered: extra-license-file usr/lib/node_modules/node-red-node-serialport/node_modules/github-from-package/LICENSE
W: nodered: extra-license-file usr/lib/node_modules/node-red-node-serialport/node_modules/has-unicode/LICENSE
W: nodered: extra-license-file usr/lib/node_modules/node-red-node-serialport/node_modules/inherits/LICENSE
W: nodered: extra-license-file usr/lib/node_modules/node-red-node-serialport/node_modules/ini/LICENSE
W: nodered: extra-license-file usr/lib/node_modules/node-red-node-serialport/node_modules/is-fullwidth-code-point/license
W: nodered: extra-license-file usr/lib/node_modules/node-red-node-serialport/node_modules/mimic-response/license
W: nodered: extra-license-file usr/lib/node_modules/node-red-node-serialport/node_modules/minimist/LICENSE
W: nodered: extra-license-file usr/lib/node_modules/node-red-node-serialport/node_modules/mkdirp/LICENSE
W: nodered: extra-license-file usr/lib/node_modules/node-red-node-serialport/node_modules/mkdirp/node_modules/minimist/LICENSE
W: nodered: extra-license-file usr/lib/node_modules/node-red-node-serialport/node_modules/ms/license.md
W: nodered: extra-license-file usr/lib/node_modules/node-red-node-serialport/node_modules/nan/LICENSE.md
W: nodered: extra-license-file usr/lib/node_modules/node-red-node-serialport/node_modules/napi-build-utils/LICENSE
W: nodered: extra-license-file usr/lib/node_modules/node-red-node-serialport/node_modules/node-abi/LICENSE
W: nodered: extra-license-file usr/lib/node_modules/node-red-node-serialport/node_modules/npmlog/LICENSE
W: nodered: extra-license-file usr/lib/node_modules/node-red-node-serialport/node_modules/number-is-nan/license
W: nodered: extra-license-file usr/lib/node_modules/node-red-node-serialport/node_modules/object-assign/license
W: nodered: extra-license-file usr/lib/node_modules/node-red-node-serialport/node_modules/once/LICENSE
W: nodered: extra-license-file usr/lib/node_modules/node-red-node-serialport/node_modules/os-homedir/license
W: nodered: extra-license-file usr/lib/node_modules/node-red-node-serialport/node_modules/prebuild-install/LICENSE
W: nodered: extra-license-file usr/lib/node_modules/node-red-node-serialport/node_modules/process-nextick-args/license.md
W: nodered: extra-license-file usr/lib/node_modules/node-red-node-serialport/node_modules/pump/LICENSE
W: nodered: extra-license-file usr/lib/node_modules/node-red-node-serialport/node_modules/rc/LICENSE.APACHE2
W: nodered: extra-license-file usr/lib/node_modules/node-red-node-serialport/node_modules/rc/LICENSE.BSD
W: nodered: extra-license-file usr/lib/node_modules/node-red-node-serialport/node_modules/rc/LICENSE.MIT
W: nodered: extra-license-file usr/lib/node_modules/node-red-node-serialport/node_modules/readable-stream/LICENSE
W: nodered: extra-license-file usr/lib/node_modules/node-red-node-serialport/node_modules/safe-buffer/LICENSE
W: nodered: extra-license-file usr/lib/node_modules/node-red-node-serialport/node_modules/semver/LICENSE
W: nodered: extra-license-file usr/lib/node_modules/node-red-node-serialport/node_modules/serialport/LICENSE
W: nodered: extra-license-file usr/lib/node_modules/node-red-node-serialport/node_modules/set-blocking/LICENSE.txt
W: nodered: extra-license-file usr/lib/node_modules/node-red-node-serialport/node_modules/signal-exit/LICENSE.txt
W: nodered: extra-license-file usr/lib/node_modules/node-red-node-serialport/node_modules/simple-concat/LICENSE
W: nodered: extra-license-file usr/lib/node_modules/node-red-node-serialport/node_modules/simple-get/LICENSE
W: nodered: extra-license-file usr/lib/node_modules/node-red-node-serialport/node_modules/string-width/license
W: nodered: extra-license-file usr/lib/node_modules/node-red-node-serialport/node_modules/string_decoder/LICENSE
W: nodered: extra-license-file usr/lib/node_modules/node-red-node-serialport/node_modules/strip-ansi/license
W: nodered: extra-license-file usr/lib/node_modules/node-red-node-serialport/node_modules/strip-json-comments/license
W: nodered: extra-license-file usr/lib/node_modules/node-red-node-serialport/node_modules/tar-fs/LICENSE
W: nodered: extra-license-file usr/lib/node_modules/node-red-node-serialport/node_modules/tar-fs/node_modules/pump/LICENSE
W: nodered: extra-license-file usr/lib/node_modules/node-red-node-serialport/node_modules/tar-stream/LICENSE
W: nodered: extra-license-file usr/lib/node_modules/node-red-node-serialport/node_modules/to-buffer/LICENSE
W: nodered: extra-license-file usr/lib/node_modules/node-red-node-serialport/node_modules/tunnel-agent/LICENSE
W: nodered: extra-license-file usr/lib/node_modules/node-red-node-serialport/node_modules/util-deprecate/LICENSE
W: nodered: extra-license-file usr/lib/node_modules/node-red-node-serialport/node_modules/which-pm-runs/LICENSE
W: nodered: extra-license-file usr/lib/node_modules/node-red-node-serialport/node_modules/wide-align/LICENSE
W: nodered: extra-license-file usr/lib/node_modules/node-red-node-serialport/node_modules/wrappy/LICENSE
W: nodered: extra-license-file usr/lib/node_modules/node-red-node-serialport/node_modules/xtend/LICENSE
W: nodered: extra-license-file usr/lib/node_modules/node-red-node-smooth/LICENSE
W: nodered: extra-license-file usr/lib/node_modules/node-red/LICENSE
W: nodered: extra-license-file usr/lib/node_modules/node-red/node_modules/@babel/runtime/LICENSE
W: nodered: extra-license-file usr/lib/node_modules/node-red/node_modules/@node-red/editor-api/LICENSE
W: nodered: extra-license-file usr/lib/node_modules/node-red/node_modules/@node-red/editor-client/LICENSE
W: nodered: extra-license-file usr/lib/node_modules/node-red/node_modules/@node-red/editor-client/public/vendor/ace/LICENSE
W: nodered: duplicate-font-file usr/lib/node_modules/node-red/node_modules/@node-red/editor-client/public/vendor/font-awesome/fonts/FontAwesome.otf also in fonts-font-awesome
W: nodered: duplicate-font-file usr/lib/node_modules/node-red/node_modules/@node-red/editor-client/public/vendor/font-awesome/fonts/fontawesome-webfont.ttf also in fonts-font-awesome
W: nodered: extra-license-file usr/lib/node_modules/node-red/node_modules/@node-red/nodes/LICENSE
W: nodered: extra-license-file usr/lib/node_modules/node-red/node_modules/@node-red/nodes/node_modules/http-errors/LICENSE
W: nodered: extra-license-file usr/lib/node_modules/node-red/node_modules/@node-red/nodes/node_modules/iconv-lite/LICENSE
W: nodered: extra-license-file usr/lib/node_modules/node-red/node_modules/@node-red/nodes/node_modules/media-typer/LICENSE
W: nodered: extra-license-file usr/lib/node_modules/node-red/node_modules/@node-red/nodes/node_modules/raw-body/LICENSE
W: nodered: extra-license-file usr/lib/node_modules/node-red/node_modules/@node-red/nodes/node_modules/raw-body/node_modules/iconv-lite/LICENSE
W: nodered: extra-license-file usr/lib/node_modules/node-red/node_modules/@node-red/registry/LICENSE
W: nodered: extra-license-file usr/lib/node_modules/node-red/node_modules/@node-red/runtime/LICENSE
W: nodered: extra-license-file usr/lib/node_modules/node-red/node_modules/@node-red/util/LICENSE
W: nodered: extra-license-file usr/lib/node_modules/node-red/node_modules/abbrev/LICENSE
W: nodered: extra-license-file usr/lib/node_modules/node-red/node_modules/accepts/LICENSE
W: nodered: extra-license-file usr/lib/node_modules/node-red/node_modules/addressparser/LICENSE
W: nodered: extra-license-file usr/lib/node_modules/node-red/node_modules/ajv/LICENSE
W: nodered: embedded-javascript-library usr/lib/node_modules/node-red/node_modules/ajv/lib/compile/async.js please use libjs-async
W: nodered: extra-license-file usr/lib/node_modules/node-red/node_modules/ansi-regex/license
W: nodered: extra-license-file usr/lib/node_modules/node-red/node_modules/append-field/LICENSE
W: nodered: extra-license-file usr/lib/node_modules/node-red/node_modules/aproba/LICENSE
W: nodered: extra-license-file usr/lib/node_modules/node-red/node_modules/are-we-there-yet/LICENSE
W: nodered: extra-license-file usr/lib/node_modules/node-red/node_modules/argparse/LICENSE
W: nodered: extra-license-file usr/lib/node_modules/node-red/node_modules/array-flatten/LICENSE
W: nodered: extra-license-file usr/lib/node_modules/node-red/node_modules/asn1/LICENSE
W: nodered: extra-license-file usr/lib/node_modules/node-red/node_modules/async-limiter/LICENSE
W: nodered: extra-license-file usr/lib/node_modules/node-red/node_modules/async/LICENSE
W: nodered: embedded-javascript-library usr/lib/node_modules/node-red/node_modules/async/lib/async.js please use libjs-async
W: nodered: extra-license-file usr/lib/node_modules/node-red/node_modules/asynckit/LICENSE
W: nodered: embedded-javascript-library usr/lib/node_modules/node-red/node_modules/asynckit/lib/async.js please use libjs-async
W: nodered: extra-license-file usr/lib/node_modules/node-red/node_modules/aws-sign2/LICENSE
W: nodered: extra-license-file usr/lib/node_modules/node-red/node_modules/aws4/LICENSE
W: nodered: extra-license-file usr/lib/node_modules/node-red/node_modules/balanced-match/LICENSE.md
W: nodered: extra-license-file usr/lib/node_modules/node-red/node_modules/basic-auth/LICENSE
W: nodered: extra-license-file usr/lib/node_modules/node-red/node_modules/bcrypt-pbkdf/LICENSE
W: nodered: extra-license-file usr/lib/node_modules/node-red/node_modules/bcrypt/LICENSE
W: nodered: extra-license-file usr/lib/node_modules/node-red/node_modules/bcryptjs/LICENSE
W: nodered: extra-license-file usr/lib/node_modules/node-red/node_modules/bl/LICENSE.md
W: nodered: extra-license-file usr/lib/node_modules/node-red/node_modules/body-parser/LICENSE
W: nodered: extra-license-file usr/lib/node_modules/node-red/node_modules/body-parser/node_modules/debug/LICENSE
W: nodered: extra-license-file usr/lib/node_modules/node-red/node_modules/body-parser/node_modules/ms/license.md
W: nodered: extra-license-file usr/lib/node_modules/node-red/node_modules/brace-expansion/LICENSE
W: nodered: extra-license-file usr/lib/node_modules/node-red/node_modules/buffer-from/LICENSE
W: nodered: extra-license-file usr/lib/node_modules/node-red/node_modules/busboy/LICENSE
W: nodered: extra-license-file usr/lib/node_modules/node-red/node_modules/busboy/node_modules/readable-stream/LICENSE
W: nodered: extra-license-file usr/lib/node_modules/node-red/node_modules/busboy/node_modules/string_decoder/LICENSE
W: nodered: extra-license-file usr/lib/node_modules/node-red/node_modules/bytes/LICENSE
W: nodered: extra-license-file usr/lib/node_modules/node-red/node_modules/caseless/LICENSE
W: nodered: extra-license-file usr/lib/node_modules/node-red/node_modules/chownr/LICENSE
W: nodered: extra-license-file usr/lib/node_modules/node-red/node_modules/clone/LICENSE
W: nodered: extra-license-file usr/lib/node_modules/node-red/node_modules/code-point-at/license
W: nodered: extra-license-file usr/lib/node_modules/node-red/node_modules/combined-stream/License
W: nodered: extra-license-file usr/lib/node_modules/node-red/node_modules/commander/LICENSE
W: nodered: extra-license-file usr/lib/node_modules/node-red/node_modules/commist/LICENSE
W: nodered: extra-license-file usr/lib/node_modules/node-red/node_modules/commist/node_modules/minimist/LICENSE
W: nodered: extra-license-file usr/lib/node_modules/node-red/node_modules/concat-map/LICENSE
W: nodered: extra-license-file usr/lib/node_modules/node-red/node_modules/concat-stream/LICENSE
W: nodered: extra-license-file usr/lib/node_modules/node-red/node_modules/console-control-strings/LICENSE
W: nodered: extra-license-file usr/lib/node_modules/node-red/node_modules/content-disposition/LICENSE
W: nodered: extra-license-file usr/lib/node_modules/node-red/node_modules/content-type/LICENSE
W: nodered: extra-license-file usr/lib/node_modules/node-red/node_modules/cookie-parser/LICENSE
W: nodered: extra-license-file usr/lib/node_modules/node-red/node_modules/cookie-parser/node_modules/cookie/LICENSE
W: nodered: extra-license-file usr/lib/node_modules/node-red/node_modules/cookie/LICENSE
W: nodered: extra-license-file usr/lib/node_modules/node-red/node_modules/core-util-is/LICENSE
W: nodered: extra-license-file usr/lib/node_modules/node-red/node_modules/cors/LICENSE
W: nodered: extra-license-file usr/lib/node_modules/node-red/node_modules/cron/LICENSE
W: nodered: extra-license-file usr/lib/node_modules/node-red/node_modules/css-select/LICENSE
W: nodered: extra-license-file usr/lib/node_modules/node-red/node_modules/css-what/LICENSE
W: nodered: extra-license-file usr/lib/node_modules/node-red/node_modules/d/LICENSE
W: nodered: extra-license-file usr/lib/node_modules/node-red/node_modules/dashdash/LICENSE.txt
W: nodered: extra-license-file usr/lib/node_modules/node-red/node_modules/debug/LICENSE
W: nodered: extra-license-file usr/lib/node_modules/node-red/node_modules/deep-extend/LICENSE
W: nodered: extra-license-file usr/lib/node_modules/node-red/node_modules/delayed-stream/License
W: nodered: extra-license-file usr/lib/node_modules/node-red/node_modules/delegates/License
W: nodered: extra-license-file usr/lib/node_modules/node-red/node_modules/denque/LICENSE
W: nodered: extra-license-file usr/lib/node_modules/node-red/node_modules/depd/LICENSE
W: nodered: extra-license-file usr/lib/node_modules/node-red/node_modules/destroy/LICENSE
W: nodered: extra-license-file usr/lib/node_modules/node-red/node_modules/detect-libc/LICENSE
W: nodered: extra-license-file usr/lib/node_modules/node-red/node_modules/dicer/LICENSE
W: nodered: extra-license-file usr/lib/node_modules/node-red/node_modules/dicer/node_modules/readable-stream/LICENSE
W: nodered: extra-license-file usr/lib/node_modules/node-red/node_modules/dicer/node_modules/string_decoder/LICENSE
W: nodered: extra-license-file usr/lib/node_modules/node-red/node_modules/dom-serializer/LICENSE
W: nodered: extra-license-file usr/lib/node_modules/node-red/node_modules/domelementtype/LICENSE
W: nodered: extra-license-file usr/lib/node_modules/node-red/node_modules/domhandler/LICENSE
W: nodered: extra-license-file usr/lib/node_modules/node-red/node_modules/domutils/LICENSE
W: nodered: extra-license-file usr/lib/node_modules/node-red/node_modules/duplexify/LICENSE
W: nodered: extra-license-file usr/lib/node_modules/node-red/node_modules/ecc-jsbn/LICENSE
W: nodered: extra-license-file usr/lib/node_modules/node-red/node_modules/ee-first/LICENSE
W: nodered: extra-license-file usr/lib/node_modules/node-red/node_modules/encodeurl/LICENSE
W: nodered: extra-license-file usr/lib/node_modules/node-red/node_modules/end-of-stream/LICENSE
W: nodered: extra-license-file usr/lib/node_modules/node-red/node_modules/entities/LICENSE
W: nodered: extra-license-file usr/lib/node_modules/node-red/node_modules/es5-ext/LICENSE
W: nodered: extra-license-file usr/lib/node_modules/node-red/node_modules/es6-iterator/LICENSE
W: nodered: extra-license-file usr/lib/node_modules/node-red/node_modules/es6-map/LICENSE
W: nodered: extra-license-file usr/lib/node_modules/node-red/node_modules/es6-promise/LICENSE
W: nodered: extra-license-file usr/lib/node_modules/node-red/node_modules/es6-set/LICENSE
W: nodered: extra-license-file usr/lib/node_modules/node-red/node_modules/es6-symbol/LICENSE
W: nodered: extra-license-file usr/lib/node_modules/node-red/node_modules/escape-html/LICENSE
W: nodered: extra-license-file usr/lib/node_modules/node-red/node_modules/esprima/LICENSE.BSD
W: nodered: extra-license-file usr/lib/node_modules/node-red/node_modules/etag/LICENSE
W: nodered: extra-license-file usr/lib/node_modules/node-red/node_modules/event-emitter/LICENSE
W: nodered: extra-license-file usr/lib/node_modules/node-red/node_modules/express-session/LICENSE
W: nodered: extra-license-file usr/lib/node_modules/node-red/node_modules/express-session/node_modules/cookie/LICENSE
W: nodered: extra-license-file usr/lib/node_modules/node-red/node_modules/express-session/node_modules/debug/LICENSE
W: nodered: extra-license-file usr/lib/node_modules/node-red/node_modules/express-session/node_modules/depd/LICENSE
W: nodered: extra-license-file usr/lib/node_modules/node-red/node_modules/express-session/node_modules/ms/license.md
W: nodered: extra-license-file usr/lib/node_modules/node-red/node_modules/express/LICENSE
W: nodered: extra-license-file usr/lib/node_modules/node-red/node_modules/express/node_modules/debug/LICENSE
W: nodered: extra-license-file usr/lib/node_modules/node-red/node_modules/express/node_modules/ms/license.md
W: nodered: extra-license-file usr/lib/node_modules/node-red/node_modules/extend/LICENSE
W: nodered: extra-license-file usr/lib/node_modules/node-red/node_modules/extsprintf/LICENSE
W: nodered: extra-license-file usr/lib/node_modules/node-red/node_modules/fast-deep-equal/LICENSE
W: nodered: extra-license-file usr/lib/node_modules/node-red/node_modules/fast-json-stable-stringify/LICENSE
W: nodered: extra-license-file usr/lib/node_modules/node-red/node_modules/feedparser/LICENSE
W: nodered: extra-license-file usr/lib/node_modules/node-red/node_modules/finalhandler/LICENSE
W: nodered: extra-license-file usr/lib/node_modules/node-red/node_modules/finalhandler/node_modules/debug/LICENSE
W: nodered: extra-license-file usr/lib/node_modules/node-red/node_modules/finalhandler/node_modules/ms/license.md
W: nodered: extra-license-file usr/lib/node_modules/node-red/node_modules/forever-agent/LICENSE
W: nodered: extra-license-file usr/lib/node_modules/node-red/node_modules/form-data/License
W: nodered: extra-license-file usr/lib/node_modules/node-red/node_modules/forwarded/LICENSE
W: nodered: extra-license-file usr/lib/node_modules/node-red/node_modules/fresh/LICENSE
W: nodered: extra-license-file usr/lib/node_modules/node-red/node_modules/fs-extra/LICENSE
W: nodered: extra-license-file usr/lib/node_modules/node-red/node_modules/fs-minipass/LICENSE
W: nodered: extra-license-file usr/lib/node_modules/node-red/node_modules/fs.realpath/LICENSE
W: nodered: extra-license-file usr/lib/node_modules/node-red/node_modules/gauge/LICENSE
W: nodered: extra-license-file usr/lib/node_modules/node-red/node_modules/getpass/LICENSE
W: nodered: extra-license-file usr/lib/node_modules/node-red/node_modules/glob-parent/LICENSE
W: nodered: extra-license-file usr/lib/node_modules/node-red/node_modules/glob-stream/LICENSE
W: nodered: extra-license-file usr/lib/node_modules/node-red/node_modules/glob/LICENSE
W: nodered: extra-license-file usr/lib/node_modules/node-red/node_modules/graceful-fs/LICENSE
W: nodered: extra-license-file usr/lib/node_modules/node-red/node_modules/har-schema/LICENSE
W: nodered: extra-license-file usr/lib/node_modules/node-red/node_modules/har-validator/LICENSE
W: nodered: embedded-javascript-library usr/lib/node_modules/node-red/node_modules/har-validator/lib/async.js please use libjs-async
W: nodered: extra-license-file usr/lib/node_modules/node-red/node_modules/has-unicode/LICENSE
W: nodered: extra-license-file usr/lib/node_modules/node-red/node_modules/hash-sum/license
W: nodered: extra-license-file usr/lib/node_modules/node-red/node_modules/help-me/LICENSE
W: nodered: extra-license-file usr/lib/node_modules/node-red/node_modules/html-to-text/node_modules/minimist/LICENSE
W: nodered: extra-license-file usr/lib/node_modules/node-red/node_modules/htmlparser2/LICENSE
W: nodered: extra-license-file usr/lib/node_modules/node-red/node_modules/htmlparser2/node_modules/readable-stream/LICENSE
W: nodered: extra-license-file usr/lib/node_modules/node-red/node_modules/http-errors/LICENSE
W: nodered: extra-license-file usr/lib/node_modules/node-red/node_modules/http-errors/node_modules/inherits/LICENSE
W: nodered: extra-license-file usr/lib/node_modules/node-red/node_modules/http-signature/LICENSE
W: nodered: extra-license-file usr/lib/node_modules/node-red/node_modules/i18next/LICENSE
W: nodered: extra-license-file usr/lib/node_modules/node-red/node_modules/iconv-lite/LICENSE
W: nodered: extra-license-file usr/lib/node_modules/node-red/node_modules/ignore-walk/LICENSE
W: nodered: extra-license-file usr/lib/node_modules/node-red/node_modules/imap/LICENSE
W: nodered: extra-license-file usr/lib/node_modules/node-red/node_modules/imap/node_modules/readable-stream/LICENSE
W: nodered: extra-license-file usr/lib/node_modules/node-red/node_modules/imap/node_modules/string_decoder/LICENSE
W: nodered: extra-license-file usr/lib/node_modules/node-red/node_modules/inflight/LICENSE
W: nodered: extra-license-file usr/lib/node_modules/node-red/node_modules/inherits/LICENSE
W: nodered: extra-license-file usr/lib/node_modules/node-red/node_modules/ini/LICENSE
W: nodered: extra-license-file usr/lib/node_modules/node-red/node_modules/ipaddr.js/LICENSE
W: nodered: extra-license-file usr/lib/node_modules/node-red/node_modules/is-absolute/LICENSE
W: nodered: extra-license-file usr/lib/node_modules/node-red/node_modules/is-extglob/LICENSE
W: nodered: extra-license-file usr/lib/node_modules/node-red/node_modules/is-fullwidth-code-point/license
W: nodered: extra-license-file usr/lib/node_modules/node-red/node_modules/is-glob/LICENSE
W: nodered: extra-license-file usr/lib/node_modules/node-red/node_modules/is-negated-glob/LICENSE
W: nodered: extra-license-file usr/lib/node_modules/node-red/node_modules/is-relative/LICENSE
W: nodered: extra-license-file usr/lib/node_modules/node-red/node_modules/is-typedarray/LICENSE.md
W: nodered: extra-license-file usr/lib/node_modules/node-red/node_modules/is-unc-path/LICENSE
W: nodered: extra-license-file usr/lib/node_modules/node-red/node_modules/is-utf8/LICENSE
W: nodered: extra-license-file usr/lib/node_modules/node-red/node_modules/is-windows/LICENSE
W: nodered: extra-license-file usr/lib/node_modules/node-red/node_modules/isstream/LICENSE.md
W: nodered: extra-license-file usr/lib/node_modules/node-red/node_modules/js-yaml/LICENSE
W: nodered: extra-license-file usr/lib/node_modules/node-red/node_modules/jsbn/LICENSE
W: nodered: extra-license-file usr/lib/node_modules/node-red/node_modules/json-schema-traverse/LICENSE
W: nodered: extra-license-file usr/lib/node_modules/node-red/node_modules/json-stable-stringify-without-jsonify/LICENSE
W: nodered: extra-license-file usr/lib/node_modules/node-red/node_modules/json-stringify-safe/LICENSE
W: nodered: extra-license-file usr/lib/node_modules/node-red/node_modules/jsonata/LICENSE
W: nodered: extra-license-file usr/lib/node_modules/node-red/node_modules/jsonfile/LICENSE
W: nodered: extra-license-file usr/lib/node_modules/node-red/node_modules/jsprim/LICENSE
W: nodered: extra-license-file usr/lib/node_modules/node-red/node_modules/leven/license
W: nodered: extra-license-file usr/lib/node_modules/node-red/node_modules/libbase64/LICENSE
W: nodered: extra-license-file usr/lib/node_modules/node-red/node_modules/libmime/LICENSE
W: nodered: extra-license-file usr/lib/node_modules/node-red/node_modules/libqp/LICENSE
W: nodered: extra-license-file usr/lib/node_modules/node-red/node_modules/linkify-it/LICENSE
W: nodered: extra-license-file usr/lib/node_modules/node-red/node_modules/lodash.assign/LICENSE
W: nodered: extra-license-file usr/lib/node_modules/node-red/node_modules/lodash.assignin/LICENSE
W: nodered: extra-license-file usr/lib/node_modules/node-red/node_modules/lodash.bind/LICENSE
W: nodered: extra-license-file usr/lib/node_modules/node-red/node_modules/lodash.defaults/LICENSE
W: nodered: extra-license-file usr/lib/node_modules/node-red/node_modules/lodash.filter/LICENSE
W: nodered: extra-license-file usr/lib/node_modules/node-red/node_modules/lodash.flatten/LICENSE
W: nodered: extra-license-file usr/lib/node_modules/node-red/node_modules/lodash.foreach/LICENSE
W: nodered: extra-license-file usr/lib/node_modules/node-red/node_modules/lodash.get/LICENSE
W: nodered: extra-license-file usr/lib/node_modules/node-red/node_modules/lodash.has/LICENSE
W: nodered: extra-license-file usr/lib/node_modules/node-red/node_modules/lodash.map/LICENSE
W: nodered: extra-license-file usr/lib/node_modules/node-red/node_modules/lodash.merge/LICENSE
W: nodered: extra-license-file usr/lib/node_modules/node-red/node_modules/lodash.pick/LICENSE
W: nodered: extra-license-file usr/lib/node_modules/node-red/node_modules/lodash.reduce/LICENSE
W: nodered: extra-license-file usr/lib/node_modules/node-red/node_modules/lodash.reject/LICENSE
W: nodered: extra-license-file usr/lib/node_modules/node-red/node_modules/lodash.some/LICENSE
W: nodered: extra-license-file usr/lib/node_modules/node-red/node_modules/lodash.uniq/LICENSE
W: nodered: extra-license-file usr/lib/node_modules/node-red/node_modules/lodash/LICENSE
W: nodered: extra-license-file usr/lib/node_modules/node-red/node_modules/lru-cache/LICENSE
W: nodered: extra-license-file usr/lib/node_modules/node-red/node_modules/lru-cache/node_modules/yallist/LICENSE
W: nodered: extra-license-file usr/lib/node_modules/node-red/node_modules/mailparser/LICENSE.EUPL-1.2
W: nodered: extra-license-file usr/lib/node_modules/node-red/node_modules/mailparser/LICENSE.MIT
W: nodered: extra-license-file usr/lib/node_modules/node-red/node_modules/mailparser/node_modules/nodemailer/LICENSE
W: nodered: extra-license-file usr/lib/node_modules/node-red/node_modules/mailsplit/LICENSE.EUPL-1.2
W: nodered: extra-license-file usr/lib/node_modules/node-red/node_modules/mailsplit/LICENSE.MIT
W: nodered: extra-license-file usr/lib/node_modules/node-red/node_modules/media-typer/LICENSE
W: nodered: extra-license-file usr/lib/node_modules/node-red/node_modules/memorystore/LICENSE
W: nodered: extra-license-file usr/lib/node_modules/node-red/node_modules/memorystore/node_modules/debug/LICENSE
W: nodered: extra-license-file usr/lib/node_modules/node-red/node_modules/memorystore/node_modules/ms/license.md
W: nodered: extra-license-file usr/lib/node_modules/node-red/node_modules/merge-descriptors/LICENSE
W: nodered: extra-license-file usr/lib/node_modules/node-red/node_modules/methods/LICENSE
W: nodered: extra-license-file usr/lib/node_modules/node-red/node_modules/mime-db/LICENSE
W: nodered: extra-license-file usr/lib/node_modules/node-red/node_modules/mime-types/LICENSE
W: nodered: extra-license-file usr/lib/node_modules/node-red/node_modules/mime/LICENSE
W: nodered: extra-license-file usr/lib/node_modules/node-red/node_modules/minimatch/LICENSE
W: nodered: extra-license-file usr/lib/node_modules/node-red/node_modules/minimist/LICENSE
W: nodered: extra-license-file usr/lib/node_modules/node-red/node_modules/minipass/LICENSE
W: nodered: extra-license-file usr/lib/node_modules/node-red/node_modules/minizlib/LICENSE
W: nodered: extra-license-file usr/lib/node_modules/node-red/node_modules/mkdirp/LICENSE
W: nodered: extra-license-file usr/lib/node_modules/node-red/node_modules/moment-timezone/LICENSE
W: nodered: extra-license-file usr/lib/node_modules/node-red/node_modules/moment/LICENSE
W: nodered: embedded-javascript-library usr/lib/node_modules/node-red/node_modules/moment/src/lib/duration/prototype.js please use libjs-prototype
W: nodered: embedded-javascript-library usr/lib/node_modules/node-red/node_modules/moment/src/lib/locale/prototype.js please use libjs-prototype
W: nodered: embedded-javascript-library usr/lib/node_modules/node-red/node_modules/moment/src/lib/moment/prototype.js please use libjs-prototype
W: nodered: extra-license-file usr/lib/node_modules/node-red/node_modules/mqtt-packet/LICENSE.md
W: nodered: extra-license-file usr/lib/node_modules/node-red/node_modules/mqtt/LICENSE.md
W: nodered: extra-license-file usr/lib/node_modules/node-red/node_modules/mqtt/node_modules/minimist/LICENSE
W: nodered: extra-license-file usr/lib/node_modules/node-red/node_modules/mri/license.md
W: nodered: extra-license-file usr/lib/node_modules/node-red/node_modules/ms/license.md
W: nodered: extra-license-file usr/lib/node_modules/node-red/node_modules/multer/LICENSE
W: nodered: extra-license-file usr/lib/node_modules/node-red/node_modules/mustache/LICENSE
W: nodered: extra-license-file usr/lib/node_modules/node-red/node_modules/nan/LICENSE.md
W: nodered: extra-license-file usr/lib/node_modules/node-red/node_modules/needle/license.txt
W: nodered: extra-license-file usr/lib/node_modules/node-red/node_modules/negotiator/LICENSE
W: nodered: extra-license-file usr/lib/node_modules/node-red/node_modules/next-tick/LICENSE
W: nodered: extra-license-file usr/lib/node_modules/node-red/node_modules/node-pre-gyp/LICENSE
W: nodered: extra-license-file usr/lib/node_modules/node-red/node_modules/node-pre-gyp/node_modules/semver/LICENSE
W: nodered: extra-license-file usr/lib/node_modules/node-red/node_modules/node-red-node-email/LICENSE
W: nodered: extra-license-file usr/lib/node_modules/node-red/node_modules/node-red-node-feedparser/LICENSE
W: nodered: extra-license-file usr/lib/node_modules/node-red/node_modules/node-red-node-rbe/LICENSE
W: nodered: extra-license-file usr/lib/node_modules/node-red/node_modules/node-red-node-sentiment/LICENSE
W: nodered: extra-license-file usr/lib/node_modules/node-red/node_modules/node-red-node-tail/LICENSE
W: nodered: extra-license-file usr/lib/node_modules/node-red/node_modules/node-red-node-twitter/LICENSE
W: nodered: extra-license-file usr/lib/node_modules/node-red/node_modules/nodemailer/LICENSE
W: nodered: extra-license-file usr/lib/node_modules/node-red/node_modules/nopt/LICENSE
W: nodered: extra-license-file usr/lib/node_modules/node-red/node_modules/npm-bundled/LICENSE
W: nodered: extra-license-file usr/lib/node_modules/node-red/node_modules/npm-packlist/LICENSE
W: nodered: extra-license-file usr/lib/node_modules/node-red/node_modules/npmlog/LICENSE
W: nodered: extra-license-file usr/lib/node_modules/node-red/node_modules/nth-check/LICENSE
W: nodered: extra-license-file usr/lib/node_modules/node-red/node_modules/number-is-nan/license
W: nodered: extra-license-file usr/lib/node_modules/node-red/node_modules/oauth-sign/LICENSE
W: nodered: extra-license-file usr/lib/node_modules/node-red/node_modules/oauth/LICENSE
W: nodered: extra-license-file usr/lib/node_modules/node-red/node_modules/oauth2orize/LICENSE
W: nodered: extra-license-file usr/lib/node_modules/node-red/node_modules/oauth2orize/node_modules/debug/LICENSE
W: nodered: extra-license-file usr/lib/node_modules/node-red/node_modules/oauth2orize/node_modules/ms/license.md
W: nodered: extra-license-file usr/lib/node_modules/node-red/node_modules/object-assign/license
W: nodered: extra-license-file usr/lib/node_modules/node-red/node_modules/on-finished/LICENSE
W: nodered: extra-license-file usr/lib/node_modules/node-red/node_modules/on-headers/LICENSE
W: nodered: extra-license-file usr/lib/node_modules/node-red/node_modules/once/LICENSE
W: nodered: extra-license-file usr/lib/node_modules/node-red/node_modules/optimist/LICENSE
W: nodered: extra-license-file usr/lib/node_modules/node-red/node_modules/ordered-read-streams/LICENSE
W: nodered: extra-license-file usr/lib/node_modules/node-red/node_modules/os-homedir/license
W: nodered: extra-license-file usr/lib/node_modules/node-red/node_modules/os-tmpdir/license
W: nodered: extra-license-file usr/lib/node_modules/node-red/node_modules/osenv/LICENSE
W: nodered: extra-license-file usr/lib/node_modules/node-red/node_modules/parseurl/LICENSE
W: nodered: extra-license-file usr/lib/node_modules/node-red/node_modules/passport-http-bearer/LICENSE
W: nodered: extra-license-file usr/lib/node_modules/node-red/node_modules/passport-oauth2-client-password/LICENSE
W: nodered: extra-license-file usr/lib/node_modules/node-red/node_modules/passport-strategy/LICENSE
W: nodered: extra-license-file usr/lib/node_modules/node-red/node_modules/passport/LICENSE
W: nodered: extra-license-file usr/lib/node_modules/node-red/node_modules/path-dirname/license
W: nodered: extra-license-file usr/lib/node_modules/node-red/node_modules/path-is-absolute/license
W: nodered: extra-license-file usr/lib/node_modules/node-red/node_modules/path-to-regexp/LICENSE
W: nodered: extra-license-file usr/lib/node_modules/node-red/node_modules/performance-now/license.txt
W: nodered: extra-license-file usr/lib/node_modules/node-red/node_modules/poplib/LICENSE
W: nodered: extra-license-file usr/lib/node_modules/node-red/node_modules/process-nextick-args/license.md
W: nodered: extra-license-file usr/lib/node_modules/node-red/node_modules/proxy-addr/LICENSE
W: nodered: extra-license-file usr/lib/node_modules/node-red/node_modules/pseudomap/LICENSE
W: nodered: extra-license-file usr/lib/node_modules/node-red/node_modules/psl/LICENSE
W: nodered: extra-license-file usr/lib/node_modules/node-red/node_modules/pump/LICENSE
W: nodered: extra-license-file usr/lib/node_modules/node-red/node_modules/pumpify/LICENSE
W: nodered: extra-license-file usr/lib/node_modules/node-red/node_modules/pumpify/node_modules/pump/LICENSE
W: nodered: extra-license-file usr/lib/node_modules/node-red/node_modules/qs/LICENSE
W: nodered: extra-license-file usr/lib/node_modules/node-red/node_modules/random-bytes/LICENSE
W: nodered: extra-license-file usr/lib/node_modules/node-red/node_modules/range-parser/LICENSE
W: nodered: extra-license-file usr/lib/node_modules/node-red/node_modules/raw-body/LICENSE
W: nodered: extra-license-file usr/lib/node_modules/node-red/node_modules/rc/LICENSE.APACHE2
W: nodered: extra-license-file usr/lib/node_modules/node-red/node_modules/rc/LICENSE.BSD
W: nodered: extra-license-file usr/lib/node_modules/node-red/node_modules/rc/LICENSE.MIT
W: nodered: extra-license-file usr/lib/node_modules/node-red/node_modules/rc/node_modules/minimist/LICENSE
W: nodered: extra-license-file usr/lib/node_modules/node-red/node_modules/readable-stream/LICENSE
W: nodered: extra-license-file usr/lib/node_modules/node-red/node_modules/reinterval/LICENSE
W: nodered: extra-license-file usr/lib/node_modules/node-red/node_modules/remove-trailing-separator/license
W: nodered: extra-license-file usr/lib/node_modules/node-red/node_modules/request/LICENSE
W: nodered: extra-license-file usr/lib/node_modules/node-red/node_modules/request/node_modules/qs/LICENSE
W: nodered: extra-license-file usr/lib/node_modules/node-red/node_modules/retry/License
W: nodered: extra-license-file usr/lib/node_modules/node-red/node_modules/rimraf/LICENSE
W: nodered: extra-license-file usr/lib/node_modules/node-red/node_modules/safe-buffer/LICENSE
W: nodered: extra-license-file usr/lib/node_modules/node-red/node_modules/safer-buffer/LICENSE
W: nodered: extra-license-file usr/lib/node_modules/node-red/node_modules/sax/LICENSE
W: nodered: extra-license-file usr/lib/node_modules/node-red/node_modules/semver/LICENSE
W: nodered: extra-license-file usr/lib/node_modules/node-red/node_modules/send/LICENSE
W: nodered: extra-license-file usr/lib/node_modules/node-red/node_modules/send/node_modules/debug/LICENSE
W: nodered: extra-license-file usr/lib/node_modules/node-red/node_modules/send/node_modules/debug/node_modules/ms/license.md
W: nodered: extra-license-file usr/lib/node_modules/node-red/node_modules/send/node_modules/mime/LICENSE
W: nodered: extra-license-file usr/lib/node_modules/node-red/node_modules/send/node_modules/ms/license.md
W: nodered: extra-license-file usr/lib/node_modules/node-red/node_modules/sentiment/LICENSE.md
W: nodered: extra-license-file usr/lib/node_modules/node-red/node_modules/serve-static/LICENSE
W: nodered: extra-license-file usr/lib/node_modules/node-red/node_modules/set-blocking/LICENSE.txt
W: nodered: extra-license-file usr/lib/node_modules/node-red/node_modules/setprototypeof/LICENSE
W: nodered: extra-license-file usr/lib/node_modules/node-red/node_modules/signal-exit/LICENSE.txt
W: nodered: extra-license-file usr/lib/node_modules/node-red/node_modules/source-map/LICENSE
W: nodered: extra-license-file usr/lib/node_modules/node-red/node_modules/split2/LICENSE
W: nodered: extra-license-file usr/lib/node_modules/node-red/node_modules/sprintf-js/LICENSE
W: nodered: extra-license-file usr/lib/node_modules/node-red/node_modules/sshpk/LICENSE
W: nodered: extra-license-file usr/lib/node_modules/node-red/node_modules/statuses/LICENSE
W: nodered: extra-license-file usr/lib/node_modules/node-red/node_modules/stream-shift/LICENSE
W: nodered: extra-license-file usr/lib/node_modules/node-red/node_modules/streamsearch/LICENSE
W: nodered: extra-license-file usr/lib/node_modules/node-red/node_modules/string-width/license
W: nodered: extra-license-file usr/lib/node_modules/node-red/node_modules/string_decoder/LICENSE
W: nodered: extra-license-file usr/lib/node_modules/node-red/node_modules/strip-ansi/license
W: nodered: extra-license-file usr/lib/node_modules/node-red/node_modules/strip-json-comments/license
W: nodered: extra-license-file usr/lib/node_modules/node-red/node_modules/tail/LICENSE
W: nodered: extra-license-file usr/lib/node_modules/node-red/node_modules/tar/LICENSE
W: nodered: extra-license-file usr/lib/node_modules/node-red/node_modules/through2-filter/LICENSE
W: nodered: extra-license-file usr/lib/node_modules/node-red/node_modules/through2/LICENSE.md
W: nodered: extra-license-file usr/lib/node_modules/node-red/node_modules/to-absolute-glob/LICENSE
W: nodered: extra-license-file usr/lib/node_modules/node-red/node_modules/toidentifier/LICENSE
W: nodered: extra-license-file usr/lib/node_modules/node-red/node_modules/tough-cookie/LICENSE
W: nodered: extra-license-file usr/lib/node_modules/node-red/node_modules/tunnel-agent/LICENSE
W: nodered: extra-license-file usr/lib/node_modules/node-red/node_modules/tweetnacl/LICENSE
W: nodered: extra-license-file usr/lib/node_modules/node-red/node_modules/twitter-ng/LICENSE
W: nodered: extra-license-file usr/lib/node_modules/node-red/node_modules/type-is/LICENSE
W: nodered: extra-license-file usr/lib/node_modules/node-red/node_modules/typedarray/LICENSE
W: nodered: extra-license-file usr/lib/node_modules/node-red/node_modules/uc.micro/LICENSE.txt
W: nodered: extra-license-file usr/lib/node_modules/node-red/node_modules/uglify-js/LICENSE
W: nodered: extra-license-file usr/lib/node_modules/node-red/node_modules/uid-safe/LICENSE
W: nodered: extra-license-file usr/lib/node_modules/node-red/node_modules/uid2/LICENSE
W: nodered: extra-license-file usr/lib/node_modules/node-red/node_modules/ultron/LICENSE
W: nodered: extra-license-file usr/lib/node_modules/node-red/node_modules/unc-path-regex/LICENSE
W: nodered: extra-license-file usr/lib/node_modules/node-red/node_modules/unique-stream/LICENSE
W: nodered: extra-license-file usr/lib/node_modules/node-red/node_modules/universalify/LICENSE
W: nodered: extra-license-file usr/lib/node_modules/node-red/node_modules/unpipe/LICENSE
W: nodered: extra-license-file usr/lib/node_modules/node-red/node_modules/utf7/LICENSE
W: nodered: extra-license-file usr/lib/node_modules/node-red/node_modules/utf7/node_modules/semver/LICENSE
W: nodered: extra-license-file usr/lib/node_modules/node-red/node_modules/util-deprecate/LICENSE
W: nodered: extra-license-file usr/lib/node_modules/node-red/node_modules/utils-merge/LICENSE
W: nodered: extra-license-file usr/lib/node_modules/node-red/node_modules/uuid/LICENSE.md
W: nodered: extra-license-file usr/lib/node_modules/node-red/node_modules/vary/LICENSE
W: nodered: extra-license-file usr/lib/node_modules/node-red/node_modules/verror/LICENSE
W: nodered: extra-license-file usr/lib/node_modules/node-red/node_modules/websocket-stream/LICENSE
W: nodered: extra-license-file usr/lib/node_modules/node-red/node_modules/websocket-stream/node_modules/ws/LICENSE
W: nodered: extra-license-file usr/lib/node_modules/node-red/node_modules/when/LICENSE.txt
W: nodered: extra-license-file usr/lib/node_modules/node-red/node_modules/wide-align/LICENSE
W: nodered: extra-license-file usr/lib/node_modules/node-red/node_modules/wordwrap/LICENSE
W: nodered: extra-license-file usr/lib/node_modules/node-red/node_modules/wrappy/LICENSE
W: nodered: extra-license-file usr/lib/node_modules/node-red/node_modules/ws/LICENSE
W: nodered: extra-license-file usr/lib/node_modules/node-red/node_modules/xml2js/LICENSE
W: nodered: extra-license-file usr/lib/node_modules/node-red/node_modules/xmlbuilder/LICENSE
W: nodered: extra-license-file usr/lib/node_modules/node-red/node_modules/xtend/LICENSE
W: nodered: extra-license-file usr/lib/node_modules/node-red/node_modules/yallist/LICENSE
W: nodered: binary-without-manpage usr/bin/node-red
W: nodered: binary-without-manpage usr/bin/node-red-log
W: nodered: binary-without-manpage usr/bin/node-red-pi
W: nodered: binary-without-manpage usr/bin/node-red-start
W: nodered: binary-without-manpage usr/bin/node-red-stop
W: nodered: binary-without-manpage usr/bin/update-nodejs-and-nodered
W: nodered: script-not-executable usr/lib/node_modules/node-red-contrib-ibm-watson-iot/node_modules/btoa/bin/btoa.js
W: nodered: unusual-interpreter usr/lib/node_modules/node-red-contrib-ibm-watson-iot/node_modules/btoa/bin/btoa.js #!node
W: nodered: script-not-executable usr/lib/node_modules/node-red-contrib-ibm-watson-iot/node_modules/ibmiotf/samples/WebApplicationSample/bin/www
W: nodered: unusual-interpreter usr/lib/node_modules/node-red-contrib-ibm-watson-iot/node_modules/ibmiotf/samples/WebApplicationSample/bin/www #!node
W: nodered: script-not-executable usr/lib/node_modules/node-red-contrib-ibm-watson-iot/node_modules/mqtt/bin/pub.js
W: nodered: unusual-interpreter usr/lib/node_modules/node-red-contrib-ibm-watson-iot/node_modules/mqtt/bin/pub.js #!node
W: nodered: script-not-executable usr/lib/node_modules/node-red-contrib-ibm-watson-iot/node_modules/mqtt/bin/sub.js
W: nodered: unusual-interpreter usr/lib/node_modules/node-red-contrib-ibm-watson-iot/node_modules/mqtt/bin/sub.js #!node
W: nodered: script-not-executable usr/lib/node_modules/node-red-contrib-ibm-watson-iot/node_modules/mqtt/mqtt.js
W: nodered: unusual-interpreter usr/lib/node_modules/node-red-contrib-ibm-watson-iot/node_modules/mqtt/mqtt.js #!node
W: nodered: script-not-executable usr/lib/node_modules/node-red-node-serialport/node_modules/detect-libc/bin/detect-libc.js
W: nodered: unusual-interpreter usr/lib/node_modules/node-red-node-serialport/node_modules/detect-libc/bin/detect-libc.js #!node
W: nodered: script-not-executable usr/lib/node_modules/node-red-node-serialport/node_modules/mkdirp/bin/cmd.js
W: nodered: unusual-interpreter usr/lib/node_modules/node-red-node-serialport/node_modules/mkdirp/bin/cmd.js #!node
W: nodered: script-not-executable usr/lib/node_modules/node-red-node-serialport/node_modules/nan/tools/1to2.js
W: nodered: unusual-interpreter usr/lib/node_modules/node-red-node-serialport/node_modules/nan/tools/1to2.js #!node
W: nodered: script-not-executable usr/lib/node_modules/node-red-node-serialport/node_modules/prebuild-install/bin.js
W: nodered: unusual-interpreter usr/lib/node_modules/node-red-node-serialport/node_modules/prebuild-install/bin.js #!node
W: nodered: script-not-executable usr/lib/node_modules/node-red-node-serialport/node_modules/rc/cli.js
W: nodered: unusual-interpreter usr/lib/node_modules/node-red-node-serialport/node_modules/rc/cli.js #!node
W: nodered: unusual-interpreter usr/lib/node_modules/node-red-node-serialport/node_modules/semver/bin/semver #!node
W: nodered: unusual-interpreter usr/lib/node_modules/node-red/node_modules/ajv/scripts/info #!node
W: nodered: script-not-executable usr/lib/node_modules/node-red/node_modules/bcryptjs/bin/bcrypt
W: nodered: unusual-interpreter usr/lib/node_modules/node-red/node_modules/bcryptjs/bin/bcrypt #!node
W: nodered: script-not-executable usr/lib/node_modules/node-red/node_modules/detect-libc/bin/detect-libc.js
W: nodered: unusual-interpreter usr/lib/node_modules/node-red/node_modules/detect-libc/bin/detect-libc.js #!node
W: nodered: script-not-executable usr/lib/node_modules/node-red/node_modules/esprima/bin/esparse.js
W: nodered: unusual-interpreter usr/lib/node_modules/node-red/node_modules/esprima/bin/esparse.js #!node
W: nodered: script-not-executable usr/lib/node_modules/node-red/node_modules/esprima/bin/esvalidate.js
W: nodered: unusual-interpreter usr/lib/node_modules/node-red/node_modules/esprima/bin/esvalidate.js #!node
W: nodered: script-not-executable usr/lib/node_modules/node-red/node_modules/feedparser/bin/feedparser.js
W: nodered: unusual-interpreter usr/lib/node_modules/node-red/node_modules/feedparser/bin/feedparser.js #!node
W: nodered: unusual-interpreter usr/lib/node_modules/node-red/node_modules/he/bin/he #!node
W: nodered: script-not-executable usr/lib/node_modules/node-red/node_modules/html-to-text/bin/cli.js
W: nodered: unusual-interpreter usr/lib/node_modules/node-red/node_modules/html-to-text/bin/cli.js #!node
W: nodered: script-not-executable usr/lib/node_modules/node-red/node_modules/js-yaml/bin/js-yaml.js
W: nodered: unusual-interpreter usr/lib/node_modules/node-red/node_modules/js-yaml/bin/js-yaml.js #!node
W: nodered: script-not-executable usr/lib/node_modules/node-red/node_modules/mime/cli.js
W: nodered: unusual-interpreter usr/lib/node_modules/node-red/node_modules/mime/cli.js #!node
W: nodered: script-not-executable usr/lib/node_modules/node-red/node_modules/mime/src/build.js
W: nodered: unusual-interpreter usr/lib/node_modules/node-red/node_modules/mime/src/build.js #!node
W: nodered: script-not-executable usr/lib/node_modules/node-red/node_modules/mkdirp/bin/cmd.js
W: nodered: unusual-interpreter usr/lib/node_modules/node-red/node_modules/mkdirp/bin/cmd.js #!node
W: nodered: script-not-executable usr/lib/node_modules/node-red/node_modules/mqtt/bin/pub.js
W: nodered: unusual-interpreter usr/lib/node_modules/node-red/node_modules/mqtt/bin/pub.js #!node
W: nodered: script-not-executable usr/lib/node_modules/node-red/node_modules/mqtt/bin/sub.js
W: nodered: unusual-interpreter usr/lib/node_modules/node-red/node_modules/mqtt/bin/sub.js #!node
W: nodered: script-not-executable usr/lib/node_modules/node-red/node_modules/mqtt/mqtt.js
W: nodered: unusual-interpreter usr/lib/node_modules/node-red/node_modules/mqtt/mqtt.js #!node
W: nodered: unusual-interpreter usr/lib/node_modules/node-red/node_modules/mustache/bin/mustache #!node
W: nodered: script-not-executable usr/lib/node_modules/node-red/node_modules/nan/tools/1to2.js
W: nodered: unusual-interpreter usr/lib/node_modules/node-red/node_modules/nan/tools/1to2.js #!node
W: nodered: unusual-interpreter usr/lib/node_modules/node-red/node_modules/needle/bin/needle #!node
W: nodered: unusual-interpreter usr/lib/node_modules/node-red/node_modules/node-pre-gyp/bin/node-pre-gyp #!node
W: nodered: unusual-interpreter usr/lib/node_modules/node-red/node_modules/node-pre-gyp/node_modules/semver/bin/semver #!node
W: nodered: script-not-executable usr/lib/node_modules/node-red/node_modules/nopt/bin/nopt.js
W: nodered: unusual-interpreter usr/lib/node_modules/node-red/node_modules/nopt/bin/nopt.js #!node
W: nodered: script-not-executable usr/lib/node_modules/node-red/node_modules/psl/scripts/update-rules.js
W: nodered: unusual-interpreter usr/lib/node_modules/node-red/node_modules/psl/scripts/update-rules.js #!node
W: nodered: script-not-executable usr/lib/node_modules/node-red/node_modules/rc/cli.js
W: nodered: unusual-interpreter usr/lib/node_modules/node-red/node_modules/rc/cli.js #!node
W: nodered: script-not-executable usr/lib/node_modules/node-red/node_modules/rimraf/bin.js
W: nodered: unusual-interpreter usr/lib/node_modules/node-red/node_modules/rimraf/bin.js #!node
W: nodered: script-not-executable usr/lib/node_modules/node-red/node_modules/semver/bin/semver.js
W: nodered: unusual-interpreter usr/lib/node_modules/node-red/node_modules/semver/bin/semver.js #!node
W: nodered: script-not-executable usr/lib/node_modules/node-red/node_modules/send/node_modules/mime/cli.js
W: nodered: unusual-interpreter usr/lib/node_modules/node-red/node_modules/send/node_modules/mime/cli.js #!node
W: nodered: script-not-executable usr/lib/node_modules/node-red/node_modules/send/node_modules/mime/src/build.js
W: nodered: unusual-interpreter usr/lib/node_modules/node-red/node_modules/send/node_modules/mime/src/build.js #!node
W: nodered: unusual-interpreter usr/lib/node_modules/node-red/node_modules/sshpk/bin/sshpk-conv #!node
W: nodered: unusual-interpreter usr/lib/node_modules/node-red/node_modules/sshpk/bin/sshpk-sign #!node
W: nodered: unusual-interpreter usr/lib/node_modules/node-red/node_modules/sshpk/bin/sshpk-verify #!node
W: nodered: script-not-executable usr/lib/node_modules/node-red/node_modules/tlds/bin.js
W: nodered: unusual-interpreter usr/lib/node_modules/node-red/node_modules/tlds/bin.js #!node
W: nodered: unusual-interpreter usr/lib/node_modules/node-red/node_modules/uglify-js/bin/uglifyjs #!node
W: nodered: unusual-interpreter usr/lib/node_modules/node-red/node_modules/utf7/node_modules/semver/bin/semver #!node
W: nodered: unusual-interpreter usr/lib/node_modules/node-red/node_modules/uuid/bin/uuid #!node
W: nodered: unusual-interpreter usr/lib/node_modules/node-red/red.js #!node
W: nodered: executable-not-elf-or-script usr/lib/node_modules/node-red/node_modules/@node-red/runtime/lib/storage/localfilesystem/projects/git/node-red-ssh.sh
W: nodered: executable-not-elf-or-script usr/lib/node_modules/node-red/node_modules/@node-red/runtime/lib/storage/localfilesystem/projects/git/node-red-ask-pass.sh
E: nodered: shlib-with-executable-bit usr/lib/node_modules/node-red-node-serialport/node_modules/@serialport/bindings/build/Release/bindings.node 0755
E: nodered: shlib-with-executable-bit usr/lib/node_modules/node-red-node-serialport/node_modules/@serialport/bindings/build/Release/obj.target/bindings.node 0755
E: nodered: shlib-with-executable-bit usr/lib/node_modules/node-red/node_modules/bcrypt/build/Release/bcrypt_lib.node 0755
E: nodered: shlib-with-executable-bit usr/lib/node_modules/node-red/node_modules/bcrypt/build/Release/obj.target/bcrypt_lib.node 0755
E: nodered: shlib-with-executable-bit usr/lib/node_modules/node-red/node_modules/bcrypt/lib/binding/bcrypt_lib.node 0755
